<?xml version="1.0" encoding="UTF-8"?>
<!-- Generated by org.testng.reporters.JUnitReportReporter -->
<testsuite hostname="DESKTOP-FCLNE8N" failures="0" tests="1" name="Practice.LoginTest" time="0.009" errors="0" timestamp="2023-08-18T14:24:28 IST" skipped="0">
  <testcase classname="Practice.LoginTest" name="userloginTest" time="0.009"/>
  <system-out/>
</testsuite> <!-- Practice.LoginTest -->
